-------------------------------------------------------------------------------
Test set: com.example.BasicApplicationTests
-------------------------------------------------------------------------------
Tests run: 1, Failures: 0, Errors: 1, Skipped: 0, Time elapsed: 2.234 s <<< FAILURE! - in com.example.BasicApplicationTests
com.example.BasicApplicationTests  Time elapsed: 2.233 s  <<< ERROR!
java.lang.IllegalStateException: Found multiple @SpringBootConfiguration annotated classes [Generic bean: class [com.example.BasicApplication]; scope=; abstract=false; lazyInit=null; autowireMode=0; dependencyCheck=0; autowireCandidate=true; primary=false; factoryBeanName=null; factoryMethodName=null; initMethodName=null; destroyMethodName=null; defined in file [C:\Users\Admin\Downloads\BasicSpringbootProject\target\classes\com\example\BasicApplication.class], Generic bean: class [com.example.BasicController]; scope=; abstract=false; lazyInit=null; autowireMode=0; dependencyCheck=0; autowireCandidate=true; primary=false; factoryBeanName=null; factoryMethodName=null; initMethodName=null; destroyMethodName=null; defined in file [C:\Users\Admin\Downloads\BasicSpringbootProject\target\classes\com\example\BasicController.class]]

